<?xml version="1.0" encoding="UTF-8"?>
<testsuite xmlns:xsi="http://www.w3.org/2001/XMLSchema-instance" xsi:noNamespaceSchemaLocation="https://maven.apache.org/surefire/maven-surefire-plugin/xsd/surefire-test-report.xsd" name="com.zkn.springboot.exercise.service.BeanPostProcessorTest" time="0.035" tests="1" errors="0" skipped="0" failures="0">
  <properties>
    <property name="sun.desktop" value="windows"/>
    <property name="awt.toolkit" value="sun.awt.windows.WToolkit"/>
    <property name="file.encoding.pkg" value="sun.io"/>
    <property name="java.specification.version" value="1.8"/>
    <property name="sun.cpu.isalist" value="amd64"/>
    <property name="sun.jnu.encoding" value="GBK"/>
    <property name="java.class.path" value="D:\CUST\workspace\SpringBootCloud\spring-boot-learn-redis\target\test-classes;D:\CUST\workspace\SpringBootCloud\spring-boot-learn-redis\target\classes;G:\jar\mvn\repository\org\springframework\boot\spring-boot-starter-web\2.0.4.RELEASE\spring-boot-starter-web-2.0.4.RELEASE.jar;G:\jar\mvn\repository\org\springframework\boot\spring-boot-starter\2.0.4.RELEASE\spring-boot-starter-2.0.4.RELEASE.jar;G:\jar\mvn\repository\org\springframework\boot\spring-boot\2.0.4.RELEASE\spring-boot-2.0.4.RELEASE.jar;G:\jar\mvn\repository\org\springframework\boot\spring-boot-autoconfigure\2.0.4.RELEASE\spring-boot-autoconfigure-2.0.4.RELEASE.jar;G:\jar\mvn\repository\org\springframework\boot\spring-boot-starter-logging\2.0.4.RELEASE\spring-boot-starter-logging-2.0.4.RELEASE.jar;G:\jar\mvn\repository\ch\qos\logback\logback-classic\1.2.3\logback-classic-1.2.3.jar;G:\jar\mvn\repository\ch\qos\logback\logback-core\1.2.3\logback-core-1.2.3.jar;G:\jar\mvn\repository\org\apache\logging\log4j\log4j-to-slf4j\2.10.0\log4j-to-slf4j-2.10.0.jar;G:\jar\mvn\repository\org\apache\logging\log4j\log4j-api\2.10.0\log4j-api-2.10.0.jar;G:\jar\mvn\repository\org\slf4j\jul-to-slf4j\1.7.25\jul-to-slf4j-1.7.25.jar;G:\jar\mvn\repository\javax\annotation\javax.annotation-api\1.3.2\javax.annotation-api-1.3.2.jar;G:\jar\mvn\repository\org\springframework\spring-core\5.0.8.RELEASE\spring-core-5.0.8.RELEASE.jar;G:\jar\mvn\repository\org\springframework\spring-jcl\5.0.8.RELEASE\spring-jcl-5.0.8.RELEASE.jar;G:\jar\mvn\repository\org\springframework\boot\spring-boot-starter-json\2.0.4.RELEASE\spring-boot-starter-json-2.0.4.RELEASE.jar;G:\jar\mvn\repository\com\fasterxml\jackson\core\jackson-databind\2.9.6\jackson-databind-2.9.6.jar;G:\jar\mvn\repository\com\fasterxml\jackson\core\jackson-annotations\2.9.0\jackson-annotations-2.9.0.jar;G:\jar\mvn\repository\com\fasterxml\jackson\core\jackson-core\2.9.6\jackson-core-2.9.6.jar;G:\jar\mvn\repository\com\fasterxml\jackson\datatype\jackson-datatype-jdk8\2.9.6\jackson-datatype-jdk8-2.9.6.jar;G:\jar\mvn\repository\com\fasterxml\jackson\datatype\jackson-datatype-jsr310\2.9.6\jackson-datatype-jsr310-2.9.6.jar;G:\jar\mvn\repository\com\fasterxml\jackson\module\jackson-module-parameter-names\2.9.6\jackson-module-parameter-names-2.9.6.jar;G:\jar\mvn\repository\org\springframework\boot\spring-boot-starter-tomcat\2.0.4.RELEASE\spring-boot-starter-tomcat-2.0.4.RELEASE.jar;G:\jar\mvn\repository\org\apache\tomcat\embed\tomcat-embed-core\8.5.32\tomcat-embed-core-8.5.32.jar;G:\jar\mvn\repository\org\apache\tomcat\embed\tomcat-embed-el\8.5.32\tomcat-embed-el-8.5.32.jar;G:\jar\mvn\repository\org\apache\tomcat\embed\tomcat-embed-websocket\8.5.32\tomcat-embed-websocket-8.5.32.jar;G:\jar\mvn\repository\org\hibernate\validator\hibernate-validator\6.0.11.Final\hibernate-validator-6.0.11.Final.jar;G:\jar\mvn\repository\javax\validation\validation-api\2.0.1.Final\validation-api-2.0.1.Final.jar;G:\jar\mvn\repository\org\jboss\logging\jboss-logging\3.3.2.Final\jboss-logging-3.3.2.Final.jar;G:\jar\mvn\repository\com\fasterxml\classmate\1.3.4\classmate-1.3.4.jar;G:\jar\mvn\repository\org\springframework\spring-web\5.0.8.RELEASE\spring-web-5.0.8.RELEASE.jar;G:\jar\mvn\repository\org\springframework\spring-beans\5.0.8.RELEASE\spring-beans-5.0.8.RELEASE.jar;G:\jar\mvn\repository\org\springframework\spring-webmvc\5.0.8.RELEASE\spring-webmvc-5.0.8.RELEASE.jar;G:\jar\mvn\repository\org\springframework\spring-aop\5.0.8.RELEASE\spring-aop-5.0.8.RELEASE.jar;G:\jar\mvn\repository\org\springframework\spring-context\5.0.8.RELEASE\spring-context-5.0.8.RELEASE.jar;G:\jar\mvn\repository\org\springframework\spring-expression\5.0.8.RELEASE\spring-expression-5.0.8.RELEASE.jar;G:\jar\mvn\repository\org\springframework\boot\spring-boot-starter-actuator\2.0.4.RELEASE\spring-boot-starter-actuator-2.0.4.RELEASE.jar;G:\jar\mvn\repository\org\springframework\boot\spring-boot-actuator-autoconfigure\2.0.4.RELEASE\spring-boot-actuator-autoconfigure-2.0.4.RELEASE.jar;G:\jar\mvn\repository\org\springframework\boot\spring-boot-actuator\2.0.4.RELEASE\spring-boot-actuator-2.0.4.RELEASE.jar;G:\jar\mvn\repository\io\micrometer\micrometer-core\1.0.6\micrometer-core-1.0.6.jar;G:\jar\mvn\repository\org\hdrhistogram\HdrHistogram\2.1.10\HdrHistogram-2.1.10.jar;G:\jar\mvn\repository\org\latencyutils\LatencyUtils\2.0.3\LatencyUtils-2.0.3.jar;G:\jar\mvn\repository\org\springframework\session\spring-session\1.3.1.RELEASE\spring-session-1.3.1.RELEASE.jar;G:\jar\mvn\repository\commons-logging\commons-logging\1.2\commons-logging-1.2.jar;G:\jar\mvn\repository\org\springframework\boot\spring-boot-starter-data-redis\2.0.4.RELEASE\spring-boot-starter-data-redis-2.0.4.RELEASE.jar;G:\jar\mvn\repository\org\springframework\data\spring-data-redis\2.0.9.RELEASE\spring-data-redis-2.0.9.RELEASE.jar;G:\jar\mvn\repository\org\springframework\data\spring-data-keyvalue\2.0.9.RELEASE\spring-data-keyvalue-2.0.9.RELEASE.jar;G:\jar\mvn\repository\org\springframework\data\spring-data-commons\2.0.9.RELEASE\spring-data-commons-2.0.9.RELEASE.jar;G:\jar\mvn\repository\org\springframework\spring-tx\5.0.8.RELEASE\spring-tx-5.0.8.RELEASE.jar;G:\jar\mvn\repository\org\springframework\spring-oxm\5.0.8.RELEASE\spring-oxm-5.0.8.RELEASE.jar;G:\jar\mvn\repository\org\springframework\spring-context-support\5.0.8.RELEASE\spring-context-support-5.0.8.RELEASE.jar;G:\jar\mvn\repository\org\slf4j\slf4j-api\1.7.25\slf4j-api-1.7.25.jar;G:\jar\mvn\repository\io\lettuce\lettuce-core\5.0.4.RELEASE\lettuce-core-5.0.4.RELEASE.jar;G:\jar\mvn\repository\io\projectreactor\reactor-core\3.1.8.RELEASE\reactor-core-3.1.8.RELEASE.jar;G:\jar\mvn\repository\org\reactivestreams\reactive-streams\1.0.2\reactive-streams-1.0.2.jar;G:\jar\mvn\repository\io\netty\netty-common\4.1.27.Final\netty-common-4.1.27.Final.jar;G:\jar\mvn\repository\io\netty\netty-transport\4.1.27.Final\netty-transport-4.1.27.Final.jar;G:\jar\mvn\repository\io\netty\netty-buffer\4.1.27.Final\netty-buffer-4.1.27.Final.jar;G:\jar\mvn\repository\io\netty\netty-resolver\4.1.27.Final\netty-resolver-4.1.27.Final.jar;G:\jar\mvn\repository\io\netty\netty-handler\4.1.27.Final\netty-handler-4.1.27.Final.jar;G:\jar\mvn\repository\io\netty\netty-codec\4.1.27.Final\netty-codec-4.1.27.Final.jar;G:\jar\mvn\repository\org\liquibase\liquibase-core\3.5.3\liquibase-core-3.5.3.jar;G:\jar\mvn\repository\org\yaml\snakeyaml\1.19\snakeyaml-1.19.jar;G:\jar\mvn\repository\com\google\guava\guava\20.0\guava-20.0.jar;G:\jar\mvn\repository\junit\junit\4.12\junit-4.12.jar;G:\jar\mvn\repository\org\hamcrest\hamcrest-core\1.3\hamcrest-core-1.3.jar;"/>
    <property name="java.vm.vendor" value="Oracle Corporation"/>
    <property name="sun.arch.data.model" value="64"/>
    <property name="user.variant" value=""/>
    <property name="java.vendor.url" value="http://java.oracle.com/"/>
    <property name="user.timezone" value="Asia/Shanghai"/>
    <property name="java.vm.specification.version" value="1.8"/>
    <property name="os.name" value="Windows 7"/>
    <property name="user.country" value="CN"/>
    <property name="sun.java.launcher" value="SUN_STANDARD"/>
    <property name="sun.boot.library.path" value="C:\Program Files\Java\jdk1.8.0_31\jre\bin"/>
    <property name="sun.java.command" value="C:\Users\zkn\AppData\Local\Temp\surefire4004100554971878757\surefirebooter6082609642881171120.jar C:\Users\zkn\AppData\Local\Temp\surefire4004100554971878757 2018-09-02T22-25-53_677-jvmRun1 surefire8477232037704237656tmp surefire_05087479803575546185tmp"/>
    <property name="surefire.test.class.path" value="D:\CUST\workspace\SpringBootCloud\spring-boot-learn-redis\target\test-classes;D:\CUST\workspace\SpringBootCloud\spring-boot-learn-redis\target\classes;G:\jar\mvn\repository\org\springframework\boot\spring-boot-starter-web\2.0.4.RELEASE\spring-boot-starter-web-2.0.4.RELEASE.jar;G:\jar\mvn\repository\org\springframework\boot\spring-boot-starter\2.0.4.RELEASE\spring-boot-starter-2.0.4.RELEASE.jar;G:\jar\mvn\repository\org\springframework\boot\spring-boot\2.0.4.RELEASE\spring-boot-2.0.4.RELEASE.jar;G:\jar\mvn\repository\org\springframework\boot\spring-boot-autoconfigure\2.0.4.RELEASE\spring-boot-autoconfigure-2.0.4.RELEASE.jar;G:\jar\mvn\repository\org\springframework\boot\spring-boot-starter-logging\2.0.4.RELEASE\spring-boot-starter-logging-2.0.4.RELEASE.jar;G:\jar\mvn\repository\ch\qos\logback\logback-classic\1.2.3\logback-classic-1.2.3.jar;G:\jar\mvn\repository\ch\qos\logback\logback-core\1.2.3\logback-core-1.2.3.jar;G:\jar\mvn\repository\org\apache\logging\log4j\log4j-to-slf4j\2.10.0\log4j-to-slf4j-2.10.0.jar;G:\jar\mvn\repository\org\apache\logging\log4j\log4j-api\2.10.0\log4j-api-2.10.0.jar;G:\jar\mvn\repository\org\slf4j\jul-to-slf4j\1.7.25\jul-to-slf4j-1.7.25.jar;G:\jar\mvn\repository\javax\annotation\javax.annotation-api\1.3.2\javax.annotation-api-1.3.2.jar;G:\jar\mvn\repository\org\springframework\spring-core\5.0.8.RELEASE\spring-core-5.0.8.RELEASE.jar;G:\jar\mvn\repository\org\springframework\spring-jcl\5.0.8.RELEASE\spring-jcl-5.0.8.RELEASE.jar;G:\jar\mvn\repository\org\springframework\boot\spring-boot-starter-json\2.0.4.RELEASE\spring-boot-starter-json-2.0.4.RELEASE.jar;G:\jar\mvn\repository\com\fasterxml\jackson\core\jackson-databind\2.9.6\jackson-databind-2.9.6.jar;G:\jar\mvn\repository\com\fasterxml\jackson\core\jackson-annotations\2.9.0\jackson-annotations-2.9.0.jar;G:\jar\mvn\repository\com\fasterxml\jackson\core\jackson-core\2.9.6\jackson-core-2.9.6.jar;G:\jar\mvn\repository\com\fasterxml\jackson\datatype\jackson-datatype-jdk8\2.9.6\jackson-datatype-jdk8-2.9.6.jar;G:\jar\mvn\repository\com\fasterxml\jackson\datatype\jackson-datatype-jsr310\2.9.6\jackson-datatype-jsr310-2.9.6.jar;G:\jar\mvn\repository\com\fasterxml\jackson\module\jackson-module-parameter-names\2.9.6\jackson-module-parameter-names-2.9.6.jar;G:\jar\mvn\repository\org\springframework\boot\spring-boot-starter-tomcat\2.0.4.RELEASE\spring-boot-starter-tomcat-2.0.4.RELEASE.jar;G:\jar\mvn\repository\org\apache\tomcat\embed\tomcat-embed-core\8.5.32\tomcat-embed-core-8.5.32.jar;G:\jar\mvn\repository\org\apache\tomcat\embed\tomcat-embed-el\8.5.32\tomcat-embed-el-8.5.32.jar;G:\jar\mvn\repository\org\apache\tomcat\embed\tomcat-embed-websocket\8.5.32\tomcat-embed-websocket-8.5.32.jar;G:\jar\mvn\repository\org\hibernate\validator\hibernate-validator\6.0.11.Final\hibernate-validator-6.0.11.Final.jar;G:\jar\mvn\repository\javax\validation\validation-api\2.0.1.Final\validation-api-2.0.1.Final.jar;G:\jar\mvn\repository\org\jboss\logging\jboss-logging\3.3.2.Final\jboss-logging-3.3.2.Final.jar;G:\jar\mvn\repository\com\fasterxml\classmate\1.3.4\classmate-1.3.4.jar;G:\jar\mvn\repository\org\springframework\spring-web\5.0.8.RELEASE\spring-web-5.0.8.RELEASE.jar;G:\jar\mvn\repository\org\springframework\spring-beans\5.0.8.RELEASE\spring-beans-5.0.8.RELEASE.jar;G:\jar\mvn\repository\org\springframework\spring-webmvc\5.0.8.RELEASE\spring-webmvc-5.0.8.RELEASE.jar;G:\jar\mvn\repository\org\springframework\spring-aop\5.0.8.RELEASE\spring-aop-5.0.8.RELEASE.jar;G:\jar\mvn\repository\org\springframework\spring-context\5.0.8.RELEASE\spring-context-5.0.8.RELEASE.jar;G:\jar\mvn\repository\org\springframework\spring-expression\5.0.8.RELEASE\spring-expression-5.0.8.RELEASE.jar;G:\jar\mvn\repository\org\springframework\boot\spring-boot-starter-actuator\2.0.4.RELEASE\spring-boot-starter-actuator-2.0.4.RELEASE.jar;G:\jar\mvn\repository\org\springframework\boot\spring-boot-actuator-autoconfigure\2.0.4.RELEASE\spring-boot-actuator-autoconfigure-2.0.4.RELEASE.jar;G:\jar\mvn\repository\org\springframework\boot\spring-boot-actuator\2.0.4.RELEASE\spring-boot-actuator-2.0.4.RELEASE.jar;G:\jar\mvn\repository\io\micrometer\micrometer-core\1.0.6\micrometer-core-1.0.6.jar;G:\jar\mvn\repository\org\hdrhistogram\HdrHistogram\2.1.10\HdrHistogram-2.1.10.jar;G:\jar\mvn\repository\org\latencyutils\LatencyUtils\2.0.3\LatencyUtils-2.0.3.jar;G:\jar\mvn\repository\org\springframework\session\spring-session\1.3.1.RELEASE\spring-session-1.3.1.RELEASE.jar;G:\jar\mvn\repository\commons-logging\commons-logging\1.2\commons-logging-1.2.jar;G:\jar\mvn\repository\org\springframework\boot\spring-boot-starter-data-redis\2.0.4.RELEASE\spring-boot-starter-data-redis-2.0.4.RELEASE.jar;G:\jar\mvn\repository\org\springframework\data\spring-data-redis\2.0.9.RELEASE\spring-data-redis-2.0.9.RELEASE.jar;G:\jar\mvn\repository\org\springframework\data\spring-data-keyvalue\2.0.9.RELEASE\spring-data-keyvalue-2.0.9.RELEASE.jar;G:\jar\mvn\repository\org\springframework\data\spring-data-commons\2.0.9.RELEASE\spring-data-commons-2.0.9.RELEASE.jar;G:\jar\mvn\repository\org\springframework\spring-tx\5.0.8.RELEASE\spring-tx-5.0.8.RELEASE.jar;G:\jar\mvn\repository\org\springframework\spring-oxm\5.0.8.RELEASE\spring-oxm-5.0.8.RELEASE.jar;G:\jar\mvn\repository\org\springframework\spring-context-support\5.0.8.RELEASE\spring-context-support-5.0.8.RELEASE.jar;G:\jar\mvn\repository\org\slf4j\slf4j-api\1.7.25\slf4j-api-1.7.25.jar;G:\jar\mvn\repository\io\lettuce\lettuce-core\5.0.4.RELEASE\lettuce-core-5.0.4.RELEASE.jar;G:\jar\mvn\repository\io\projectreactor\reactor-core\3.1.8.RELEASE\reactor-core-3.1.8.RELEASE.jar;G:\jar\mvn\repository\org\reactivestreams\reactive-streams\1.0.2\reactive-streams-1.0.2.jar;G:\jar\mvn\repository\io\netty\netty-common\4.1.27.Final\netty-common-4.1.27.Final.jar;G:\jar\mvn\repository\io\netty\netty-transport\4.1.27.Final\netty-transport-4.1.27.Final.jar;G:\jar\mvn\repository\io\netty\netty-buffer\4.1.27.Final\netty-buffer-4.1.27.Final.jar;G:\jar\mvn\repository\io\netty\netty-resolver\4.1.27.Final\netty-resolver-4.1.27.Final.jar;G:\jar\mvn\repository\io\netty\netty-handler\4.1.27.Final\netty-handler-4.1.27.Final.jar;G:\jar\mvn\repository\io\netty\netty-codec\4.1.27.Final\netty-codec-4.1.27.Final.jar;G:\jar\mvn\repository\org\liquibase\liquibase-core\3.5.3\liquibase-core-3.5.3.jar;G:\jar\mvn\repository\org\yaml\snakeyaml\1.19\snakeyaml-1.19.jar;G:\jar\mvn\repository\com\google\guava\guava\20.0\guava-20.0.jar;G:\jar\mvn\repository\junit\junit\4.12\junit-4.12.jar;G:\jar\mvn\repository\org\hamcrest\hamcrest-core\1.3\hamcrest-core-1.3.jar;"/>
    <property name="sun.cpu.endian" value="little"/>
    <property name="user.home" value="C:\Users\zkn"/>
    <property name="user.language" value="zh"/>
    <property name="java.specification.vendor" value="Oracle Corporation"/>
    <property name="java.home" value="C:\Program Files\Java\jdk1.8.0_31\jre"/>
    <property name="basedir" value="D:\CUST\workspace\SpringBootCloud\spring-boot-learn-redis"/>
    <property name="file.separator" value="\"/>
    <property name="line.separator" value="&#10;"/>
    <property name="java.vm.specification.vendor" value="Oracle Corporation"/>
    <property name="java.specification.name" value="Java Platform API Specification"/>
    <property name="java.awt.graphicsenv" value="sun.awt.Win32GraphicsEnvironment"/>
    <property name="surefire.real.class.path" value="C:\Users\zkn\AppData\Local\Temp\surefire4004100554971878757\surefirebooter6082609642881171120.jar"/>
    <property name="sun.boot.class.path" value="C:\Program Files\Java\jdk1.8.0_31\jre\lib\resources.jar;C:\Program Files\Java\jdk1.8.0_31\jre\lib\rt.jar;C:\Program Files\Java\jdk1.8.0_31\jre\lib\sunrsasign.jar;C:\Program Files\Java\jdk1.8.0_31\jre\lib\jsse.jar;C:\Program Files\Java\jdk1.8.0_31\jre\lib\jce.jar;C:\Program Files\Java\jdk1.8.0_31\jre\lib\charsets.jar;C:\Program Files\Java\jdk1.8.0_31\jre\lib\jfr.jar;C:\Program Files\Java\jdk1.8.0_31\jre\classes"/>
    <property name="user.script" value=""/>
    <property name="sun.management.compiler" value="HotSpot 64-Bit Tiered Compilers"/>
    <property name="java.runtime.version" value="1.8.0_31-b13"/>
    <property name="user.name" value="zkn"/>
    <property name="path.separator" value=";"/>
    <property name="os.version" value="6.1"/>
    <property name="java.endorsed.dirs" value="C:\Program Files\Java\jdk1.8.0_31\jre\lib\endorsed"/>
    <property name="java.runtime.name" value="Java(TM) SE Runtime Environment"/>
    <property name="file.encoding" value="GBK"/>
    <property name="java.vm.name" value="Java HotSpot(TM) 64-Bit Server VM"/>
    <property name="localRepository" value="G:\jar\mvn\repository"/>
    <property name="java.vendor.url.bug" value="http://bugreport.sun.com/bugreport/"/>
    <property name="java.io.tmpdir" value="C:\Users\zkn\AppData\Local\Temp\"/>
    <property name="idea.version" value="2016.3.4"/>
    <property name="java.version" value="1.8.0_31"/>
    <property name="user.dir" value="D:\CUST\workspace\SpringBootCloud\spring-boot-learn-redis"/>
    <property name="os.arch" value="amd64"/>
    <property name="java.vm.specification.name" value="Java Virtual Machine Specification"/>
    <property name="java.awt.printerjob" value="sun.awt.windows.WPrinterJob"/>
    <property name="sun.os.patch.level" value="Service Pack 1"/>
    <property name="java.library.path" value="C:\Program Files\Java\jdk1.8.0_31\jre\bin;C:\Windows\Sun\Java\bin;C:\Windows\system32;C:\Windows;G:\tools\apache-ant-1.9.7\bin;G:\tools\mysql-5.6.29-winx64\bin;G:\tools\groovy-2.4.7\bin;G:\tools\spring-1.4.0.RELEASE\bin;%CATALINA_HOME\bin%;C:\Program Files\Java\jdk1.8.0_31\bin;C:\Program Files\Java\jdk1.8.0_31\jre\bin;C:\ProgramData\Oracle\Java\javapath;C:\Windows\system32;C:\Windows;C:\Windows\System32\Wbem;C:\Windows\System32\WindowsPowerShell\v1.0\;C:\Program Files\Intel\WiFi\bin\;C:\Program Files\Common Files\Intel\WirelessCommon\;C:\Program Files (x86)\NVIDIA Corporation\PhysX\Common;G:\tools\apache-maven-3.3.9/bin;G:\installSoft\Python;G:\soft\nodejs\;G:\soft\go\bin;G:\installSoft\Git\cmd;C:\Program Files\Intel\WiFi\bin\;C:\Program Files\Common Files\Intel\WirelessCommon\;C:\Users\zkn\AppData\Roaming\npm;."/>
    <property name="java.vm.info" value="mixed mode"/>
    <property name="java.vendor" value="Oracle Corporation"/>
    <property name="java.vm.version" value="25.31-b07"/>
    <property name="java.ext.dirs" value="C:\Program Files\Java\jdk1.8.0_31\jre\lib\ext;C:\Windows\Sun\Java\lib\ext"/>
    <property name="sun.io.unicode.encoding" value="UnicodeLittle"/>
    <property name="maven.repo.local" value="G:\jar\mvn\repository"/>
    <property name="java.class.version" value="52.0"/>
  </properties>
  <testcase name="testInterfaces" classname="com.zkn.springboot.exercise.service.BeanPostProcessorTest" time="0.004"/>
</testsuite>